<?xml version="1.0" encoding="UTF-8"?>
<!-- Generated by org.testng.reporters.JUnitXMLReporter -->
<testsuite ignored="0" hostname="ANAND-SOLAPUR" failures="0" tests="4" name="Default test" time="20.793" errors="0" timestamp="2024-01-22T23:38:04 IST">
  <testcase classname="api.test.userTests" name="testPostUser" time="5.795"/>
  <testcase classname="api.test.userTests" name="testGetUserByName" time="4.388"/>
  <testcase classname="api.test.userTests" name="testUpdateUserByName" time="6.144"/>
  <testcase classname="api.test.userTests" name="testDeleteUserByName" time="3.988"/>
</testsuite> <!-- Default test -->
