<?xml version="1.0" encoding="UTF-8"?>
<testng-results ignored="0" total="4" passed="4" failed="0" skipped="0">
  <reporter-output>
  </reporter-output>
  <suite started-at="2024-01-22T23:37:43 IST" name="Default suite" finished-at="2024-01-22T23:38:04 IST" duration-ms="20793">
    <groups>
    </groups>
    <test started-at="2024-01-22T23:37:43 IST" name="Default test" finished-at="2024-01-22T23:38:04 IST" duration-ms="20793">
      <class name="api.test.userTests">
        <test-method is-config="true" signature="setupData()[pri:0, instance:api.test.userTests@cb0755b]" started-at="2024-01-22T23:37:43 IST" name="setupData" finished-at="2024-01-22T23:37:44 IST" duration-ms="385" status="PASS">
          <reporter-output>
          </reporter-output>
        </test-method> <!-- setupData -->
        <test-method signature="testPostUser()[pri:1, instance:api.test.userTests@cb0755b]" started-at="2024-01-22T23:37:44 IST" name="testPostUser" finished-at="2024-01-22T23:37:50 IST" duration-ms="5795" status="PASS">
          <reporter-output>
          </reporter-output>
        </test-method> <!-- testPostUser -->
        <test-method signature="testGetUserByName()[pri:2, instance:api.test.userTests@cb0755b]" started-at="2024-01-22T23:37:50 IST" name="testGetUserByName" finished-at="2024-01-22T23:37:54 IST" duration-ms="4388" status="PASS">
          <reporter-output>
          </reporter-output>
        </test-method> <!-- testGetUserByName -->
        <test-method signature="testUpdateUserByName()[pri:3, instance:api.test.userTests@cb0755b]" started-at="2024-01-22T23:37:54 IST" name="testUpdateUserByName" finished-at="2024-01-22T23:38:00 IST" duration-ms="6144" status="PASS">
          <reporter-output>
          </reporter-output>
        </test-method> <!-- testUpdateUserByName -->
        <test-method signature="testDeleteUserByName()[pri:4, instance:api.test.userTests@cb0755b]" started-at="2024-01-22T23:38:00 IST" name="testDeleteUserByName" finished-at="2024-01-22T23:38:04 IST" duration-ms="3988" status="PASS">
          <reporter-output>
          </reporter-output>
        </test-method> <!-- testDeleteUserByName -->
      </class> <!-- api.test.userTests -->
    </test> <!-- Default test -->
  </suite> <!-- Default suite -->
</testng-results>
